<?xml version="1.0" encoding="UTF-8" ?>
<testsuite tests="7" failures="0" name="test.TestTemplate" time="2.323" errors="0" skipped="0">
  <properties>
[...]
</properties>
  <testcase classname="test.TestTemplate" name="testPageQueryMutil" time="0.748"/>
  <testcase classname="test.TestTemplate" name="testAdd" time="1.07"/>
  <testcase classname="test.TestTemplate" name="testFindOne" time="0.021"/>
  <testcase classname="test.TestTemplate" name="testAddList" time="0.32"/>
  <testcase classname="test.TestTemplate" name="testPageQuery" time="0.025"/>
  <testcase classname="test.TestTemplate" name="testDelete" time="0.062"/>
  <testcase classname="test.TestTemplate" name="testDeleteAll" time="0.077"/>
</testsuite>